<?xml version="1.0" encoding="UTF-8"?>
<testng-results skipped="0" failed="0" ignored="0" total="1" passed="1">
  <reporter-output>
  </reporter-output>
  <suite name="Suite" duration-ms="11023" started-at="2021-12-02T02:50:07Z" finished-at="2021-12-02T02:50:18Z">
    <groups>
    </groups>
    <test name="Test" duration-ms="11023" started-at="2021-12-02T02:50:07Z" finished-at="2021-12-02T02:50:18Z">
      <class name="testng.LoginTest">
        <test-method status="PASS" signature="test1()[pri:0, instance:testng.LoginTest@3b2cf7ab]" name="test1" duration-ms="10950" started-at="2021-12-02T02:50:07Z" finished-at="2021-12-02T02:50:18Z">
          <reporter-output>
          </reporter-output>
        </test-method> <!-- test1 -->
      </class> <!-- testng.LoginTest -->
    </test> <!-- Test -->
  </suite> <!-- Suite -->
</testng-results>
