<?xml version="1.0" encoding="UTF-8"?>
<testng-results ignored="0" total="3" passed="3" failed="0" skipped="0">
  <reporter-output>
  </reporter-output>
  <suite started-at="2021-12-04T03:25:36Z" name="Suite" finished-at="2021-12-04T03:26:06Z" duration-ms="30387">
    <groups>
    </groups>
    <test started-at="2021-12-04T03:25:36Z" name="Test" finished-at="2021-12-04T03:26:06Z" duration-ms="30387">
      <class name="testng.LoginTest">
        <test-method signature="test1()[pri:0, instance:testng.LoginTest@6e01f9b0]" started-at="2021-12-04T03:25:36Z" name="test1" finished-at="2021-12-04T03:25:53Z" duration-ms="17849" status="PASS">
          <reporter-output>
          </reporter-output>
        </test-method> <!-- test1 -->
      </class> <!-- testng.LoginTest -->
      <class name="grid.GridTest">
        <test-method signature="test1()[pri:0, instance:grid.GridTest@a307a8c]" started-at="2021-12-04T03:25:36Z" name="test1" finished-at="2021-12-04T03:26:04Z" duration-ms="28230" status="PASS">
          <reporter-output>
          </reporter-output>
        </test-method> <!-- test1 -->
        <test-method signature="test2()[pri:0, instance:grid.GridTest@a307a8c]" started-at="2021-12-04T03:25:36Z" name="test2" finished-at="2021-12-04T03:26:06Z" duration-ms="30358" status="PASS">
          <reporter-output>
          </reporter-output>
        </test-method> <!-- test2 -->
      </class> <!-- grid.GridTest -->
    </test> <!-- Test -->
  </suite> <!-- Suite -->
</testng-results>
